<?xml version="1.0" encoding="UTF-8"?>
<!-- Generated by org.testng.reporters.JUnitReportReporter -->
<testsuite hostname="exam" name="Tests.Goibibo" tests="3" failures="0" timestamp="24 Sep 2014 11:01:53 GMT" time="205.697" errors="0">
  <testcase name="Test1" time="37.028" classname="Tests.Goibibo"/>
  <testcase name="Test3" time="29.407" classname="Tests.Goibibo"/>
  <testcase name="Test2" time="139.262" classname="Tests.Goibibo"/>
</testsuite> <!-- Tests.Goibibo -->
